{"/Users/mohammedhassanyusuf/Desktop/webAndApi-exam/frontend/src/admin/UpdateUserPage.jsx": {"path":"/Users/mohammedhassanyusuf/Desktop/webAndApi-exam/frontend/src/admin/UpdateUserPage.jsx","statementMap":{"0":{"start":{"line":4,"column":21},"end":{"line":10,"column":1}},"1":{"start":{"line":5,"column":2},"end":{"line":9,"column":4}}},"fnMap":{"0":{"name":"(anonymous_0)","decl":{"start":{"line":4,"column":21},"end":{"line":4,"column":22}},"loc":{"start":{"line":4,"column":37},"end":{"line":10,"column":1}},"line":4}},"branchMap":{},"s":{"0":1,"1":0},"f":{"0":0},"b":{},"_coverageSchema":"1a1c01bbd47fc00a2c39e90264f33305004495a9","hash":"77f0d8757fa412ae7e756c9eaba9bfab062fa826"}
,"/Users/mohammedhassanyusuf/Desktop/webAndApi-exam/frontend/src/admin/userslist.js": {"path":"/Users/mohammedhassanyusuf/Desktop/webAndApi-exam/frontend/src/admin/userslist.js","statementMap":{"0":{"start":{"line":8,"column":18},"end":{"line":72,"column":1}},"1":{"start":{"line":9,"column":28},"end":{"line":9,"column":40}},"2":{"start":{"line":10,"column":23},"end":{"line":10,"column":46}},"3":{"start":{"line":14,"column":2},"end":{"line":19,"column":9}},"4":{"start":{"line":15,"column":4},"end":{"line":18,"column":71}},"5":{"start":{"line":16,"column":26},"end":{"line":16,"column":41}},"6":{"start":{"line":17,"column":22},"end":{"line":17,"column":36}},"7":{"start":{"line":18,"column":24},"end":{"line":18,"column":69}},"8":{"start":{"line":21,"column":23},"end":{"line":36,"column":3}},"9":{"start":{"line":22,"column":4},"end":{"line":35,"column":5}},"10":{"start":{"line":23,"column":23},"end":{"line":25,"column":8}},"11":{"start":{"line":26,"column":6},"end":{"line":32,"column":7}},"12":{"start":{"line":27,"column":21},"end":{"line":27,"column":42}},"13":{"start":{"line":28,"column":8},"end":{"line":28,"column":55}},"14":{"start":{"line":29,"column":8},"end":{"line":29,"column":68}},"15":{"start":{"line":29,"column":38},"end":{"line":29,"column":65}},"16":{"start":{"line":31,"column":8},"end":{"line":31,"column":69}},"17":{"start":{"line":34,"column":6},"end":{"line":34,"column":51}},"18":{"start":{"line":38,"column":23},"end":{"line":40,"column":3}},"19":{"start":{"line":39,"column":4},"end":{"line":39,"column":60}},"20":{"start":{"line":42,"column":2},"end":{"line":71,"column":4}},"21":{"start":{"line":56,"column":12},"end":{"line":66,"column":17}},"22":{"start":{"line":64,"column":65},"end":{"line":64,"column":87}}},"fnMap":{"0":{"name":"(anonymous_0)","decl":{"start":{"line":8,"column":18},"end":{"line":8,"column":19}},"loc":{"start":{"line":8,"column":24},"end":{"line":72,"column":1}},"line":8},"1":{"name":"(anonymous_1)","decl":{"start":{"line":14,"column":12},"end":{"line":14,"column":13}},"loc":{"start":{"line":14,"column":18},"end":{"line":19,"column":3}},"line":14},"2":{"name":"(anonymous_2)","decl":{"start":{"line":16,"column":12},"end":{"line":16,"column":13}},"loc":{"start":{"line":16,"column":26},"end":{"line":16,"column":41}},"line":16},"3":{"name":"(anonymous_3)","decl":{"start":{"line":17,"column":12},"end":{"line":17,"column":13}},"loc":{"start":{"line":17,"column":22},"end":{"line":17,"column":36}},"line":17},"4":{"name":"(anonymous_4)","decl":{"start":{"line":18,"column":13},"end":{"line":18,"column":14}},"loc":{"start":{"line":18,"column":24},"end":{"line":18,"column":69}},"line":18},"5":{"name":"(anonymous_5)","decl":{"start":{"line":21,"column":23},"end":{"line":21,"column":24}},"loc":{"start":{"line":21,"column":49},"end":{"line":36,"column":3}},"line":21},"6":{"name":"(anonymous_6)","decl":{"start":{"line":29,"column":30},"end":{"line":29,"column":31}},"loc":{"start":{"line":29,"column":38},"end":{"line":29,"column":65}},"line":29},"7":{"name":"(anonymous_7)","decl":{"start":{"line":38,"column":23},"end":{"line":38,"column":24}},"loc":{"start":{"line":38,"column":43},"end":{"line":40,"column":3}},"line":38},"8":{"name":"(anonymous_8)","decl":{"start":{"line":55,"column":21},"end":{"line":55,"column":22}},"loc":{"start":{"line":56,"column":12},"end":{"line":66,"column":17}},"line":56},"9":{"name":"(anonymous_9)","decl":{"start":{"line":64,"column":59},"end":{"line":64,"column":60}},"loc":{"start":{"line":64,"column":65},"end":{"line":64,"column":87}},"line":64}},"branchMap":{"0":{"loc":{"start":{"line":26,"column":6},"end":{"line":32,"column":7}},"type":"if","locations":[{"start":{"line":26,"column":6},"end":{"line":32,"column":7}},{"start":{"line":30,"column":13},"end":{"line":32,"column":7}}],"line":26}},"s":{"0":1,"1":0,"2":0,"3":0,"4":0,"5":0,"6":0,"7":0,"8":0,"9":0,"10":0,"11":0,"12":0,"13":0,"14":0,"15":0,"16":0,"17":0,"18":0,"19":0,"20":0,"21":0,"22":0},"f":{"0":0,"1":0,"2":0,"3":0,"4":0,"5":0,"6":0,"7":0,"8":0,"9":0},"b":{"0":[0,0]},"_coverageSchema":"1a1c01bbd47fc00a2c39e90264f33305004495a9","hash":"69872dbb3221ce023f22bc41cb3ffae414c6623a"}
,"/Users/mohammedhassanyusuf/Desktop/webAndApi-exam/frontend/src/api/api.js": {"path":"/Users/mohammedhassanyusuf/Desktop/webAndApi-exam/frontend/src/api/api.js","statementMap":{"0":{"start":{"line":1,"column":24},"end":{"line":1,"column":47}},"1":{"start":{"line":2,"column":22},"end":{"line":2,"column":45}},"2":{"start":{"line":3,"column":26},"end":{"line":3,"column":43}},"3":{"start":{"line":4,"column":21},"end":{"line":4,"column":39}},"4":{"start":{"line":5,"column":28},"end":{"line":5,"column":53}}},"fnMap":{},"branchMap":{},"s":{"0":1,"1":1,"2":1,"3":1,"4":1},"f":{},"b":{},"_coverageSchema":"1a1c01bbd47fc00a2c39e90264f33305004495a9","hash":"498ad8835c2f213485774b26ca0a5eb82744f753"}
,"/Users/mohammedhassanyusuf/Desktop/webAndApi-exam/frontend/src/components/login.jsx": {"path":"/Users/mohammedhassanyusuf/Desktop/webAndApi-exam/frontend/src/components/login.jsx","statementMap":{"0":{"start":{"line":8,"column":23},"end":{"line":8,"column":46}},"1":{"start":{"line":9,"column":19},"end":{"line":9,"column":32}},"2":{"start":{"line":10,"column":34},"end":{"line":13,"column":4}},"3":{"start":{"line":14,"column":28},"end":{"line":14,"column":42}},"4":{"start":{"line":16,"column":23},"end":{"line":19,"column":3}},"5":{"start":{"line":17,"column":28},"end":{"line":17,"column":36}},"6":{"start":{"line":18,"column":4},"end":{"line":18,"column":48}},"7":{"start":{"line":21,"column":23},"end":{"line":48,"column":3}},"8":{"start":{"line":22,"column":4},"end":{"line":22,"column":23}},"9":{"start":{"line":23,"column":4},"end":{"line":47,"column":5}},"10":{"start":{"line":24,"column":23},"end":{"line":33,"column":8}},"11":{"start":{"line":35,"column":6},"end":{"line":43,"column":7}},"12":{"start":{"line":36,"column":20},"end":{"line":36,"column":41}},"13":{"start":{"line":37,"column":8},"end":{"line":37,"column":58}},"14":{"start":{"line":38,"column":8},"end":{"line":38,"column":48}},"15":{"start":{"line":39,"column":8},"end":{"line":39,"column":27}},"16":{"start":{"line":41,"column":29},"end":{"line":41,"column":50}},"17":{"start":{"line":42,"column":8},"end":{"line":42,"column":31}},"18":{"start":{"line":45,"column":6},"end":{"line":45,"column":45}},"19":{"start":{"line":46,"column":6},"end":{"line":46,"column":65}},"20":{"start":{"line":50,"column":2},"end":{"line":105,"column":4}}},"fnMap":{"0":{"name":"Login","decl":{"start":{"line":7,"column":9},"end":{"line":7,"column":14}},"loc":{"start":{"line":7,"column":17},"end":{"line":106,"column":1}},"line":7},"1":{"name":"(anonymous_1)","decl":{"start":{"line":16,"column":23},"end":{"line":16,"column":24}},"loc":{"start":{"line":16,"column":30},"end":{"line":19,"column":3}},"line":16},"2":{"name":"(anonymous_2)","decl":{"start":{"line":21,"column":23},"end":{"line":21,"column":24}},"loc":{"start":{"line":21,"column":36},"end":{"line":48,"column":3}},"line":21}},"branchMap":{"0":{"loc":{"start":{"line":35,"column":6},"end":{"line":43,"column":7}},"type":"if","locations":[{"start":{"line":35,"column":6},"end":{"line":43,"column":7}},{"start":{"line":40,"column":13},"end":{"line":43,"column":7}}],"line":35},"1":{"loc":{"start":{"line":102,"column":9},"end":{"line":102,"column":83}},"type":"binary-expr","locations":[{"start":{"line":102,"column":9},"end":{"line":102,"column":14}},{"start":{"line":102,"column":18},"end":{"line":102,"column":83}}],"line":102}},"s":{"0":0,"1":0,"2":0,"3":0,"4":0,"5":0,"6":0,"7":0,"8":0,"9":0,"10":0,"11":0,"12":0,"13":0,"14":0,"15":0,"16":0,"17":0,"18":0,"19":0,"20":0},"f":{"0":0,"1":0,"2":0},"b":{"0":[0,0],"1":[0,0]},"_coverageSchema":"1a1c01bbd47fc00a2c39e90264f33305004495a9","hash":"896bf05b7d110853c7119629a9a37369e8f9bb38"}
,"/Users/mohammedhassanyusuf/Desktop/webAndApi-exam/frontend/src/components/profile.jsx": {"path":"/Users/mohammedhassanyusuf/Desktop/webAndApi-exam/frontend/src/components/profile.jsx","statementMap":{"0":{"start":{"line":5,"column":19},"end":{"line":5,"column":42}},"1":{"start":{"line":7,"column":2},"end":{"line":19,"column":4}}},"fnMap":{"0":{"name":"Profile","decl":{"start":{"line":4,"column":9},"end":{"line":4,"column":16}},"loc":{"start":{"line":4,"column":19},"end":{"line":20,"column":1}},"line":4}},"branchMap":{"0":{"loc":{"start":{"line":10,"column":7},"end":{"line":17,"column":7}},"type":"cond-expr","locations":[{"start":{"line":11,"column":8},"end":{"line":14,"column":14}},{"start":{"line":16,"column":8},"end":{"line":16,"column":50}}],"line":10}},"s":{"0":0,"1":0},"f":{"0":0},"b":{"0":[0,0]},"_coverageSchema":"1a1c01bbd47fc00a2c39e90264f33305004495a9","hash":"5fda735d64056f8da0f1be4036a75004e5ea3d8a"}
,"/Users/mohammedhassanyusuf/Desktop/webAndApi-exam/frontend/src/components/signup.jsx": {"path":"/Users/mohammedhassanyusuf/Desktop/webAndApi-exam/frontend/src/components/signup.jsx","statementMap":{"0":{"start":{"line":7,"column":15},"end":{"line":126,"column":1}},"1":{"start":{"line":8,"column":23},"end":{"line":8,"column":46}},"2":{"start":{"line":9,"column":19},"end":{"line":9,"column":32}},"3":{"start":{"line":10,"column":34},"end":{"line":14,"column":4}},"4":{"start":{"line":16,"column":23},"end":{"line":22,"column":3}},"5":{"start":{"line":17,"column":28},"end":{"line":17,"column":36}},"6":{"start":{"line":18,"column":4},"end":{"line":21,"column":8}},"7":{"start":{"line":18,"column":31},"end":{"line":21,"column":5}},"8":{"start":{"line":24,"column":23},"end":{"line":50,"column":3}},"9":{"start":{"line":25,"column":4},"end":{"line":25,"column":23}},"10":{"start":{"line":26,"column":4},"end":{"line":49,"column":5}},"11":{"start":{"line":27,"column":23},"end":{"line":37,"column":8}},"12":{"start":{"line":39,"column":6},"end":{"line":46,"column":7}},"13":{"start":{"line":40,"column":20},"end":{"line":40,"column":41}},"14":{"start":{"line":41,"column":8},"end":{"line":41,"column":58}},"15":{"start":{"line":42,"column":8},"end":{"line":42,"column":51}},"16":{"start":{"line":43,"column":8},"end":{"line":43,"column":27}},"17":{"start":{"line":45,"column":8},"end":{"line":45,"column":48}},"18":{"start":{"line":48,"column":6},"end":{"line":48,"column":45}},"19":{"start":{"line":52,"column":2},"end":{"line":125,"column":4}}},"fnMap":{"0":{"name":"(anonymous_0)","decl":{"start":{"line":7,"column":15},"end":{"line":7,"column":16}},"loc":{"start":{"line":7,"column":21},"end":{"line":126,"column":1}},"line":7},"1":{"name":"(anonymous_1)","decl":{"start":{"line":16,"column":23},"end":{"line":16,"column":24}},"loc":{"start":{"line":16,"column":30},"end":{"line":22,"column":3}},"line":16},"2":{"name":"(anonymous_2)","decl":{"start":{"line":18,"column":16},"end":{"line":18,"column":17}},"loc":{"start":{"line":18,"column":31},"end":{"line":21,"column":5}},"line":18},"3":{"name":"(anonymous_3)","decl":{"start":{"line":24,"column":23},"end":{"line":24,"column":24}},"loc":{"start":{"line":24,"column":36},"end":{"line":50,"column":3}},"line":24}},"branchMap":{"0":{"loc":{"start":{"line":39,"column":6},"end":{"line":46,"column":7}},"type":"if","locations":[{"start":{"line":39,"column":6},"end":{"line":46,"column":7}},{"start":{"line":44,"column":13},"end":{"line":46,"column":7}}],"line":39}},"s":{"0":1,"1":0,"2":0,"3":0,"4":0,"5":0,"6":0,"7":0,"8":0,"9":0,"10":0,"11":0,"12":0,"13":0,"14":0,"15":0,"16":0,"17":0,"18":0,"19":0},"f":{"0":0,"1":0,"2":0,"3":0},"b":{"0":[0,0]},"_coverageSchema":"1a1c01bbd47fc00a2c39e90264f33305004495a9","hash":"1ef2e1055a278090e297697d41c53e0bb283cc0f"}
,"/Users/mohammedhassanyusuf/Desktop/webAndApi-exam/frontend/src/store/types.js": {"path":"/Users/mohammedhassanyusuf/Desktop/webAndApi-exam/frontend/src/store/types.js","statementMap":{"0":{"start":{"line":1,"column":28},"end":{"line":1,"column":42}},"1":{"start":{"line":2,"column":31},"end":{"line":2,"column":48}},"2":{"start":{"line":3,"column":31},"end":{"line":3,"column":48}},"3":{"start":{"line":4,"column":31},"end":{"line":4,"column":48}},"4":{"start":{"line":6,"column":21},"end":{"line":6,"column":28}},"5":{"start":{"line":7,"column":23},"end":{"line":7,"column":31}},"6":{"start":{"line":8,"column":24},"end":{"line":8,"column":34}},"7":{"start":{"line":9,"column":27},"end":{"line":9,"column":40}},"8":{"start":{"line":10,"column":27},"end":{"line":10,"column":40}}},"fnMap":{},"branchMap":{},"s":{"0":3,"1":3,"2":3,"3":3,"4":3,"5":3,"6":3,"7":3,"8":3},"f":{},"b":{},"_coverageSchema":"1a1c01bbd47fc00a2c39e90264f33305004495a9","hash":"950223189acf7510b61e6ed9d4c2a3ce296204c2"}
,"/Users/mohammedhassanyusuf/Desktop/webAndApi-exam/frontend/src/store/userContext.js": {"path":"/Users/mohammedhassanyusuf/Desktop/webAndApi-exam/frontend/src/store/userContext.js","statementMap":{"0":{"start":{"line":2,"column":27},"end":{"line":2,"column":42}}},"fnMap":{},"branchMap":{},"s":{"0":4},"f":{},"b":{},"_coverageSchema":"1a1c01bbd47fc00a2c39e90264f33305004495a9","hash":"00ac7d5078d2094a2a5d859b85c998ac844af829"}
}
