{"/Users/mohammedhassanyusuf/Desktop/webAndApi-exam/frontend/src/GoogleLoginButton.js": {"path":"/Users/mohammedhassanyusuf/Desktop/webAndApi-exam/frontend/src/GoogleLoginButton.js","statementMap":{"0":{"start":{"line":6,"column":17},"end":{"line":6,"column":37}},"1":{"start":{"line":8,"column":26},"end":{"line":34,"column":1}},"2":{"start":{"line":9,"column":23},"end":{"line":9,"column":46}},"3":{"start":{"line":11,"column":18},"end":{"line":13,"column":3}},"4":{"start":{"line":12,"column":4},"end":{"line":12,"column":41}},"5":{"start":{"line":15,"column":2},"end":{"line":33,"column":4}},"6":{"start":{"line":21,"column":10},"end":{"line":27,"column":11}},"7":{"start":{"line":22,"column":46},"end":{"line":22,"column":86}},"8":{"start":{"line":23,"column":12},"end":{"line":23,"column":75}},"9":{"start":{"line":24,"column":12},"end":{"line":24,"column":74}},"10":{"start":{"line":26,"column":12},"end":{"line":26,"column":58}}},"fnMap":{"0":{"name":"(anonymous_0)","decl":{"start":{"line":8,"column":26},"end":{"line":8,"column":27}},"loc":{"start":{"line":8,"column":32},"end":{"line":34,"column":1}},"line":8},"1":{"name":"(anonymous_1)","decl":{"start":{"line":11,"column":18},"end":{"line":11,"column":19}},"loc":{"start":{"line":11,"column":29},"end":{"line":13,"column":3}},"line":11},"2":{"name":"(anonymous_2)","decl":{"start":{"line":20,"column":19},"end":{"line":20,"column":20}},"loc":{"start":{"line":20,"column":43},"end":{"line":28,"column":9}},"line":20}},"branchMap":{},"s":{"0":1,"1":1,"2":0,"3":0,"4":0,"5":0,"6":0,"7":0,"8":0,"9":0,"10":0},"f":{"0":0,"1":0,"2":0},"b":{},"_coverageSchema":"1a1c01bbd47fc00a2c39e90264f33305004495a9","hash":"a9df23904df1dea9a0730c2590087987f08265a0"}
,"/Users/mohammedhassanyusuf/Desktop/webAndApi-exam/frontend/src/admin/UpdateUserPage.jsx": {"path":"/Users/mohammedhassanyusuf/Desktop/webAndApi-exam/frontend/src/admin/UpdateUserPage.jsx","statementMap":{"0":{"start":{"line":4,"column":21},"end":{"line":10,"column":1}},"1":{"start":{"line":5,"column":2},"end":{"line":9,"column":4}}},"fnMap":{"0":{"name":"(anonymous_0)","decl":{"start":{"line":4,"column":21},"end":{"line":4,"column":22}},"loc":{"start":{"line":4,"column":37},"end":{"line":10,"column":1}},"line":4}},"branchMap":{},"s":{"0":1,"1":0},"f":{"0":0},"b":{},"_coverageSchema":"1a1c01bbd47fc00a2c39e90264f33305004495a9","hash":"77f0d8757fa412ae7e756c9eaba9bfab062fa826"}
,"/Users/mohammedhassanyusuf/Desktop/webAndApi-exam/frontend/src/admin/userslist.js": {"path":"/Users/mohammedhassanyusuf/Desktop/webAndApi-exam/frontend/src/admin/userslist.js","statementMap":{"0":{"start":{"line":8,"column":18},"end":{"line":70,"column":1}},"1":{"start":{"line":9,"column":28},"end":{"line":9,"column":40}},"2":{"start":{"line":10,"column":23},"end":{"line":10,"column":46}},"3":{"start":{"line":14,"column":2},"end":{"line":19,"column":9}},"4":{"start":{"line":15,"column":4},"end":{"line":18,"column":71}},"5":{"start":{"line":16,"column":26},"end":{"line":16,"column":41}},"6":{"start":{"line":17,"column":22},"end":{"line":17,"column":36}},"7":{"start":{"line":18,"column":24},"end":{"line":18,"column":69}},"8":{"start":{"line":21,"column":23},"end":{"line":36,"column":3}},"9":{"start":{"line":22,"column":4},"end":{"line":35,"column":5}},"10":{"start":{"line":23,"column":23},"end":{"line":25,"column":8}},"11":{"start":{"line":26,"column":6},"end":{"line":32,"column":7}},"12":{"start":{"line":27,"column":21},"end":{"line":27,"column":42}},"13":{"start":{"line":28,"column":8},"end":{"line":28,"column":55}},"14":{"start":{"line":29,"column":8},"end":{"line":29,"column":68}},"15":{"start":{"line":29,"column":38},"end":{"line":29,"column":65}},"16":{"start":{"line":31,"column":8},"end":{"line":31,"column":69}},"17":{"start":{"line":34,"column":6},"end":{"line":34,"column":51}},"18":{"start":{"line":38,"column":23},"end":{"line":40,"column":3}},"19":{"start":{"line":39,"column":4},"end":{"line":39,"column":60}},"20":{"start":{"line":42,"column":2},"end":{"line":69,"column":4}},"21":{"start":{"line":55,"column":12},"end":{"line":64,"column":17}},"22":{"start":{"line":62,"column":65},"end":{"line":62,"column":87}}},"fnMap":{"0":{"name":"(anonymous_0)","decl":{"start":{"line":8,"column":18},"end":{"line":8,"column":19}},"loc":{"start":{"line":8,"column":24},"end":{"line":70,"column":1}},"line":8},"1":{"name":"(anonymous_1)","decl":{"start":{"line":14,"column":12},"end":{"line":14,"column":13}},"loc":{"start":{"line":14,"column":18},"end":{"line":19,"column":3}},"line":14},"2":{"name":"(anonymous_2)","decl":{"start":{"line":16,"column":12},"end":{"line":16,"column":13}},"loc":{"start":{"line":16,"column":26},"end":{"line":16,"column":41}},"line":16},"3":{"name":"(anonymous_3)","decl":{"start":{"line":17,"column":12},"end":{"line":17,"column":13}},"loc":{"start":{"line":17,"column":22},"end":{"line":17,"column":36}},"line":17},"4":{"name":"(anonymous_4)","decl":{"start":{"line":18,"column":13},"end":{"line":18,"column":14}},"loc":{"start":{"line":18,"column":24},"end":{"line":18,"column":69}},"line":18},"5":{"name":"(anonymous_5)","decl":{"start":{"line":21,"column":23},"end":{"line":21,"column":24}},"loc":{"start":{"line":21,"column":49},"end":{"line":36,"column":3}},"line":21},"6":{"name":"(anonymous_6)","decl":{"start":{"line":29,"column":30},"end":{"line":29,"column":31}},"loc":{"start":{"line":29,"column":38},"end":{"line":29,"column":65}},"line":29},"7":{"name":"(anonymous_7)","decl":{"start":{"line":38,"column":23},"end":{"line":38,"column":24}},"loc":{"start":{"line":38,"column":43},"end":{"line":40,"column":3}},"line":38},"8":{"name":"(anonymous_8)","decl":{"start":{"line":54,"column":21},"end":{"line":54,"column":22}},"loc":{"start":{"line":55,"column":12},"end":{"line":64,"column":17}},"line":55},"9":{"name":"(anonymous_9)","decl":{"start":{"line":62,"column":59},"end":{"line":62,"column":60}},"loc":{"start":{"line":62,"column":65},"end":{"line":62,"column":87}},"line":62}},"branchMap":{"0":{"loc":{"start":{"line":26,"column":6},"end":{"line":32,"column":7}},"type":"if","locations":[{"start":{"line":26,"column":6},"end":{"line":32,"column":7}},{"start":{"line":30,"column":13},"end":{"line":32,"column":7}}],"line":26}},"s":{"0":1,"1":0,"2":0,"3":0,"4":0,"5":0,"6":0,"7":0,"8":0,"9":0,"10":0,"11":0,"12":0,"13":0,"14":0,"15":0,"16":0,"17":0,"18":0,"19":0,"20":0,"21":0,"22":0},"f":{"0":0,"1":0,"2":0,"3":0,"4":0,"5":0,"6":0,"7":0,"8":0,"9":0},"b":{"0":[0,0]},"_coverageSchema":"1a1c01bbd47fc00a2c39e90264f33305004495a9","hash":"7dd2f332bc505f8bae31c173c20c4a303a8ac048"}
,"/Users/mohammedhassanyusuf/Desktop/webAndApi-exam/frontend/src/api/api.js": {"path":"/Users/mohammedhassanyusuf/Desktop/webAndApi-exam/frontend/src/api/api.js","statementMap":{"0":{"start":{"line":1,"column":24},"end":{"line":1,"column":47}},"1":{"start":{"line":2,"column":23},"end":{"line":2,"column":45}},"2":{"start":{"line":3,"column":22},"end":{"line":3,"column":45}},"3":{"start":{"line":4,"column":26},"end":{"line":4,"column":43}},"4":{"start":{"line":5,"column":21},"end":{"line":5,"column":39}},"5":{"start":{"line":6,"column":28},"end":{"line":6,"column":53}}},"fnMap":{},"branchMap":{},"s":{"0":1,"1":1,"2":1,"3":1,"4":1,"5":1},"f":{},"b":{},"_coverageSchema":"1a1c01bbd47fc00a2c39e90264f33305004495a9","hash":"b02e0d2f720c7aaeba6c0787f50abbc793bc0543"}
,"/Users/mohammedhassanyusuf/Desktop/webAndApi-exam/frontend/src/components/UserProfile.js": {"path":"/Users/mohammedhassanyusuf/Desktop/webAndApi-exam/frontend/src/components/UserProfile.js","statementMap":{"0":{"start":{"line":3,"column":20},"end":{"line":29,"column":1}},"1":{"start":{"line":4,"column":34},"end":{"line":4,"column":81}},"2":{"start":{"line":6,"column":23},"end":{"line":8,"column":3}},"3":{"start":{"line":7,"column":4},"end":{"line":7,"column":66}},"4":{"start":{"line":10,"column":23},"end":{"line":13,"column":3}},"5":{"start":{"line":11,"column":4},"end":{"line":11,"column":23}},"6":{"start":{"line":12,"column":4},"end":{"line":12,"column":23}},"7":{"start":{"line":15,"column":2},"end":{"line":28,"column":4}}},"fnMap":{"0":{"name":"(anonymous_0)","decl":{"start":{"line":3,"column":20},"end":{"line":3,"column":21}},"loc":{"start":{"line":3,"column":38},"end":{"line":29,"column":1}},"line":3},"1":{"name":"(anonymous_1)","decl":{"start":{"line":6,"column":23},"end":{"line":6,"column":24}},"loc":{"start":{"line":6,"column":30},"end":{"line":8,"column":3}},"line":6},"2":{"name":"(anonymous_2)","decl":{"start":{"line":10,"column":23},"end":{"line":10,"column":24}},"loc":{"start":{"line":10,"column":36},"end":{"line":13,"column":3}},"line":10}},"branchMap":{},"s":{"0":1,"1":0,"2":0,"3":0,"4":0,"5":0,"6":0,"7":0},"f":{"0":0,"1":0,"2":0},"b":{},"_coverageSchema":"1a1c01bbd47fc00a2c39e90264f33305004495a9","hash":"ee0b0194ed3dd4da29e07c2429a602a4701f698a"}
,"/Users/mohammedhassanyusuf/Desktop/webAndApi-exam/frontend/src/components/login.jsx": {"path":"/Users/mohammedhassanyusuf/Desktop/webAndApi-exam/frontend/src/components/login.jsx","statementMap":{"0":{"start":{"line":9,"column":23},"end":{"line":9,"column":46}},"1":{"start":{"line":10,"column":19},"end":{"line":10,"column":32}},"2":{"start":{"line":11,"column":34},"end":{"line":14,"column":4}},"3":{"start":{"line":15,"column":28},"end":{"line":15,"column":42}},"4":{"start":{"line":17,"column":23},"end":{"line":20,"column":3}},"5":{"start":{"line":18,"column":28},"end":{"line":18,"column":36}},"6":{"start":{"line":19,"column":4},"end":{"line":19,"column":48}},"7":{"start":{"line":22,"column":23},"end":{"line":49,"column":3}},"8":{"start":{"line":23,"column":4},"end":{"line":23,"column":23}},"9":{"start":{"line":24,"column":4},"end":{"line":48,"column":5}},"10":{"start":{"line":25,"column":23},"end":{"line":34,"column":8}},"11":{"start":{"line":36,"column":6},"end":{"line":44,"column":7}},"12":{"start":{"line":37,"column":20},"end":{"line":37,"column":41}},"13":{"start":{"line":38,"column":8},"end":{"line":38,"column":58}},"14":{"start":{"line":39,"column":8},"end":{"line":39,"column":48}},"15":{"start":{"line":40,"column":8},"end":{"line":40,"column":27}},"16":{"start":{"line":42,"column":29},"end":{"line":42,"column":50}},"17":{"start":{"line":43,"column":8},"end":{"line":43,"column":31}},"18":{"start":{"line":46,"column":6},"end":{"line":46,"column":45}},"19":{"start":{"line":47,"column":6},"end":{"line":47,"column":65}},"20":{"start":{"line":51,"column":2},"end":{"line":107,"column":4}}},"fnMap":{"0":{"name":"Login","decl":{"start":{"line":8,"column":9},"end":{"line":8,"column":14}},"loc":{"start":{"line":8,"column":17},"end":{"line":108,"column":1}},"line":8},"1":{"name":"(anonymous_1)","decl":{"start":{"line":17,"column":23},"end":{"line":17,"column":24}},"loc":{"start":{"line":17,"column":30},"end":{"line":20,"column":3}},"line":17},"2":{"name":"(anonymous_2)","decl":{"start":{"line":22,"column":23},"end":{"line":22,"column":24}},"loc":{"start":{"line":22,"column":36},"end":{"line":49,"column":3}},"line":22}},"branchMap":{"0":{"loc":{"start":{"line":36,"column":6},"end":{"line":44,"column":7}},"type":"if","locations":[{"start":{"line":36,"column":6},"end":{"line":44,"column":7}},{"start":{"line":41,"column":13},"end":{"line":44,"column":7}}],"line":36},"1":{"loc":{"start":{"line":104,"column":9},"end":{"line":104,"column":83}},"type":"binary-expr","locations":[{"start":{"line":104,"column":9},"end":{"line":104,"column":14}},{"start":{"line":104,"column":18},"end":{"line":104,"column":83}}],"line":104}},"s":{"0":0,"1":0,"2":0,"3":0,"4":0,"5":0,"6":0,"7":0,"8":0,"9":0,"10":0,"11":0,"12":0,"13":0,"14":0,"15":0,"16":0,"17":0,"18":0,"19":0,"20":0},"f":{"0":0,"1":0,"2":0},"b":{"0":[0,0],"1":[0,0]},"_coverageSchema":"1a1c01bbd47fc00a2c39e90264f33305004495a9","hash":"c89d0553d0b81c565a93ee955a156f97863754a8"}
,"/Users/mohammedhassanyusuf/Desktop/webAndApi-exam/frontend/src/components/profile.jsx": {"path":"/Users/mohammedhassanyusuf/Desktop/webAndApi-exam/frontend/src/components/profile.jsx","statementMap":{"0":{"start":{"line":5,"column":19},"end":{"line":5,"column":42}},"1":{"start":{"line":6,"column":46},"end":{"line":6,"column":61}},"2":{"start":{"line":8,"column":30},"end":{"line":28,"column":3}},"3":{"start":{"line":9,"column":4},"end":{"line":27,"column":5}},"4":{"start":{"line":10,"column":23},"end":{"line":16,"column":8}},"5":{"start":{"line":17,"column":6},"end":{"line":24,"column":7}},"6":{"start":{"line":18,"column":28},"end":{"line":18,"column":49}},"7":{"start":{"line":19,"column":8},"end":{"line":19,"column":33}},"8":{"start":{"line":20,"column":8},"end":{"line":20,"column":46}},"9":{"start":{"line":21,"column":8},"end":{"line":21,"column":33}},"10":{"start":{"line":23,"column":8},"end":{"line":23,"column":72}},"11":{"start":{"line":26,"column":6},"end":{"line":26,"column":54}},"12":{"start":{"line":30,"column":2},"end":{"line":49,"column":4}},"13":{"start":{"line":42,"column":35},"end":{"line":42,"column":58}}},"fnMap":{"0":{"name":"Profile","decl":{"start":{"line":4,"column":9},"end":{"line":4,"column":16}},"loc":{"start":{"line":4,"column":19},"end":{"line":50,"column":1}},"line":4},"1":{"name":"(anonymous_1)","decl":{"start":{"line":8,"column":30},"end":{"line":8,"column":31}},"loc":{"start":{"line":8,"column":50},"end":{"line":28,"column":3}},"line":8},"2":{"name":"(anonymous_2)","decl":{"start":{"line":42,"column":29},"end":{"line":42,"column":30}},"loc":{"start":{"line":42,"column":35},"end":{"line":42,"column":58}},"line":42}},"branchMap":{"0":{"loc":{"start":{"line":17,"column":6},"end":{"line":24,"column":7}},"type":"if","locations":[{"start":{"line":17,"column":6},"end":{"line":24,"column":7}},{"start":{"line":22,"column":13},"end":{"line":24,"column":7}}],"line":17},"1":{"loc":{"start":{"line":33,"column":7},"end":{"line":47,"column":7}},"type":"cond-expr","locations":[{"start":{"line":34,"column":8},"end":{"line":44,"column":14}},{"start":{"line":46,"column":8},"end":{"line":46,"column":50}}],"line":33},"2":{"loc":{"start":{"line":39,"column":11},"end":{"line":43,"column":11}},"type":"cond-expr","locations":[{"start":{"line":40,"column":12},"end":{"line":40,"column":60}},{"start":{"line":42,"column":12},"end":{"line":42,"column":118}}],"line":39}},"s":{"0":0,"1":0,"2":0,"3":0,"4":0,"5":0,"6":0,"7":0,"8":0,"9":0,"10":0,"11":0,"12":0,"13":0},"f":{"0":0,"1":0,"2":0},"b":{"0":[0,0],"1":[0,0],"2":[0,0]},"_coverageSchema":"1a1c01bbd47fc00a2c39e90264f33305004495a9","hash":"ef35f514cf4e8c91855c86a95dda0b44879f91d1"}
,"/Users/mohammedhassanyusuf/Desktop/webAndApi-exam/frontend/src/components/signup.jsx": {"path":"/Users/mohammedhassanyusuf/Desktop/webAndApi-exam/frontend/src/components/signup.jsx","statementMap":{"0":{"start":{"line":7,"column":15},"end":{"line":105,"column":1}},"1":{"start":{"line":8,"column":23},"end":{"line":8,"column":46}},"2":{"start":{"line":9,"column":19},"end":{"line":9,"column":32}},"3":{"start":{"line":10,"column":34},"end":{"line":13,"column":4}},"4":{"start":{"line":15,"column":23},"end":{"line":21,"column":3}},"5":{"start":{"line":16,"column":28},"end":{"line":16,"column":36}},"6":{"start":{"line":17,"column":4},"end":{"line":20,"column":8}},"7":{"start":{"line":17,"column":31},"end":{"line":20,"column":5}},"8":{"start":{"line":23,"column":23},"end":{"line":48,"column":3}},"9":{"start":{"line":24,"column":4},"end":{"line":24,"column":23}},"10":{"start":{"line":25,"column":4},"end":{"line":47,"column":5}},"11":{"start":{"line":26,"column":23},"end":{"line":35,"column":8}},"12":{"start":{"line":37,"column":6},"end":{"line":44,"column":7}},"13":{"start":{"line":38,"column":20},"end":{"line":38,"column":41}},"14":{"start":{"line":39,"column":8},"end":{"line":39,"column":58}},"15":{"start":{"line":40,"column":8},"end":{"line":40,"column":51}},"16":{"start":{"line":41,"column":8},"end":{"line":41,"column":27}},"17":{"start":{"line":43,"column":8},"end":{"line":43,"column":48}},"18":{"start":{"line":46,"column":6},"end":{"line":46,"column":45}},"19":{"start":{"line":50,"column":2},"end":{"line":104,"column":4}}},"fnMap":{"0":{"name":"(anonymous_0)","decl":{"start":{"line":7,"column":15},"end":{"line":7,"column":16}},"loc":{"start":{"line":7,"column":21},"end":{"line":105,"column":1}},"line":7},"1":{"name":"(anonymous_1)","decl":{"start":{"line":15,"column":23},"end":{"line":15,"column":24}},"loc":{"start":{"line":15,"column":30},"end":{"line":21,"column":3}},"line":15},"2":{"name":"(anonymous_2)","decl":{"start":{"line":17,"column":16},"end":{"line":17,"column":17}},"loc":{"start":{"line":17,"column":31},"end":{"line":20,"column":5}},"line":17},"3":{"name":"(anonymous_3)","decl":{"start":{"line":23,"column":23},"end":{"line":23,"column":24}},"loc":{"start":{"line":23,"column":36},"end":{"line":48,"column":3}},"line":23}},"branchMap":{"0":{"loc":{"start":{"line":37,"column":6},"end":{"line":44,"column":7}},"type":"if","locations":[{"start":{"line":37,"column":6},"end":{"line":44,"column":7}},{"start":{"line":42,"column":13},"end":{"line":44,"column":7}}],"line":37}},"s":{"0":1,"1":0,"2":0,"3":0,"4":0,"5":0,"6":0,"7":0,"8":0,"9":0,"10":0,"11":0,"12":0,"13":0,"14":0,"15":0,"16":0,"17":0,"18":0,"19":0},"f":{"0":0,"1":0,"2":0,"3":0},"b":{"0":[0,0]},"_coverageSchema":"1a1c01bbd47fc00a2c39e90264f33305004495a9","hash":"8db0afadb31784cf5583a20ae4e7ba9cfbcd0652"}
,"/Users/mohammedhassanyusuf/Desktop/webAndApi-exam/frontend/src/store/types.js": {"path":"/Users/mohammedhassanyusuf/Desktop/webAndApi-exam/frontend/src/store/types.js","statementMap":{"0":{"start":{"line":1,"column":27},"end":{"line":1,"column":40}},"1":{"start":{"line":2,"column":30},"end":{"line":2,"column":46}},"2":{"start":{"line":3,"column":30},"end":{"line":3,"column":46}},"3":{"start":{"line":4,"column":30},"end":{"line":4,"column":46}},"4":{"start":{"line":7,"column":21},"end":{"line":7,"column":28}},"5":{"start":{"line":8,"column":23},"end":{"line":8,"column":31}},"6":{"start":{"line":9,"column":24},"end":{"line":9,"column":34}},"7":{"start":{"line":10,"column":27},"end":{"line":10,"column":40}},"8":{"start":{"line":11,"column":27},"end":{"line":11,"column":40}}},"fnMap":{},"branchMap":{},"s":{"0":3,"1":3,"2":3,"3":3,"4":3,"5":3,"6":3,"7":3,"8":3},"f":{},"b":{},"_coverageSchema":"1a1c01bbd47fc00a2c39e90264f33305004495a9","hash":"42bfdc6034809a44445df9a32b39b47fb59ba1e8"}
,"/Users/mohammedhassanyusuf/Desktop/webAndApi-exam/frontend/src/store/userContext.js": {"path":"/Users/mohammedhassanyusuf/Desktop/webAndApi-exam/frontend/src/store/userContext.js","statementMap":{"0":{"start":{"line":2,"column":27},"end":{"line":2,"column":42}}},"fnMap":{},"branchMap":{},"s":{"0":4},"f":{},"b":{},"_coverageSchema":"1a1c01bbd47fc00a2c39e90264f33305004495a9","hash":"00ac7d5078d2094a2a5d859b85c998ac844af829"}
}
