{"/Users/mohammedhassanyusuf/Desktop/webAndApi-exam/backend/src/app.js": {"path":"/Users/mohammedhassanyusuf/Desktop/webAndApi-exam/backend/src/app.js","statementMap":{"0":{"start":{"line":1,"column":16},"end":{"line":1,"column":34}},"1":{"start":{"line":2,"column":13},"end":{"line":2,"column":28}},"2":{"start":{"line":3,"column":15},"end":{"line":3,"column":32}},"3":{"start":{"line":4,"column":13},"end":{"line":4,"column":28}},"4":{"start":{"line":5,"column":19},"end":{"line":5,"column":41}},"5":{"start":{"line":6,"column":21},"end":{"line":6,"column":45}},"6":{"start":{"line":7,"column":17},"end":{"line":7,"column":29}},"7":{"start":{"line":11,"column":22},"end":{"line":11,"column":59}},"8":{"start":{"line":12,"column":20},"end":{"line":12,"column":55}},"9":{"start":{"line":13,"column":18},"end":{"line":13,"column":51}},"10":{"start":{"line":14,"column":21},"end":{"line":14,"column":57}},"11":{"start":{"line":17,"column":12},"end":{"line":17,"column":21}},"12":{"start":{"line":19,"column":0},"end":{"line":24,"column":2}},"13":{"start":{"line":25,"column":0},"end":{"line":25,"column":48}},"14":{"start":{"line":26,"column":0},"end":{"line":26,"column":24}},"15":{"start":{"line":28,"column":0},"end":{"line":28,"column":28}},"16":{"start":{"line":29,"column":0},"end":{"line":29,"column":24}},"17":{"start":{"line":31,"column":0},"end":{"line":31,"column":27}},"18":{"start":{"line":34,"column":0},"end":{"line":34,"column":40}},"19":{"start":{"line":35,"column":0},"end":{"line":35,"column":35}},"20":{"start":{"line":36,"column":0},"end":{"line":36,"column":31}},"21":{"start":{"line":37,"column":0},"end":{"line":37,"column":37}},"22":{"start":{"line":38,"column":0},"end":{"line":47,"column":1}},"23":{"start":{"line":39,"column":2},"end":{"line":39,"column":67}},"24":{"start":{"line":40,"column":2},"end":{"line":42,"column":5}},"25":{"start":{"line":41,"column":4},"end":{"line":41,"column":77}},"26":{"start":{"line":44,"column":2},"end":{"line":46,"column":5}},"27":{"start":{"line":45,"column":4},"end":{"line":45,"column":31}},"28":{"start":{"line":49,"column":0},"end":{"line":49,"column":21}}},"fnMap":{"0":{"name":"(anonymous_0)","decl":{"start":{"line":40,"column":16},"end":{"line":40,"column":17}},"loc":{"start":{"line":40,"column":30},"end":{"line":42,"column":3}},"line":40},"1":{"name":"(anonymous_1)","decl":{"start":{"line":44,"column":15},"end":{"line":44,"column":16}},"loc":{"start":{"line":44,"column":29},"end":{"line":46,"column":3}},"line":44}},"branchMap":{"0":{"loc":{"start":{"line":38,"column":0},"end":{"line":47,"column":1}},"type":"if","locations":[{"start":{"line":38,"column":0},"end":{"line":47,"column":1}},{"start":{"line":43,"column":7},"end":{"line":47,"column":1}}],"line":38}},"s":{"0":3,"1":3,"2":3,"3":3,"4":3,"5":3,"6":3,"7":3,"8":3,"9":3,"10":3,"11":3,"12":3,"13":3,"14":3,"15":3,"16":3,"17":3,"18":3,"19":3,"20":3,"21":3,"22":3,"23":3,"24":3,"25":0,"26":0,"27":0,"28":3},"f":{"0":0,"1":0},"b":{"0":[3,0]},"_coverageSchema":"1a1c01bbd47fc00a2c39e90264f33305004495a9","hash":"7dfd4e9b9e846cb83df4d45129f841c60d9240c9"}
,"/Users/mohammedhassanyusuf/Desktop/webAndApi-exam/backend/src/controllers/ChatController.js": {"path":"/Users/mohammedhassanyusuf/Desktop/webAndApi-exam/backend/src/controllers/ChatController.js","statementMap":{"0":{"start":{"line":1,"column":18},"end":{"line":1,"column":52}},"1":{"start":{"line":3,"column":20},"end":{"line":13,"column":1}},"2":{"start":{"line":4,"column":18},"end":{"line":6,"column":4}},"3":{"start":{"line":7,"column":2},"end":{"line":12,"column":3}},"4":{"start":{"line":8,"column":19},"end":{"line":8,"column":39}},"5":{"start":{"line":9,"column":4},"end":{"line":9,"column":33}},"6":{"start":{"line":11,"column":4},"end":{"line":11,"column":32}},"7":{"start":{"line":15,"column":19},"end":{"line":24,"column":1}},"8":{"start":{"line":16,"column":2},"end":{"line":23,"column":3}},"9":{"start":{"line":17,"column":17},"end":{"line":19,"column":6}},"10":{"start":{"line":20,"column":4},"end":{"line":20,"column":31}},"11":{"start":{"line":22,"column":4},"end":{"line":22,"column":32}},"12":{"start":{"line":26,"column":18},"end":{"line":35,"column":1}},"13":{"start":{"line":27,"column":2},"end":{"line":34,"column":3}},"14":{"start":{"line":28,"column":17},"end":{"line":30,"column":6}},"15":{"start":{"line":31,"column":4},"end":{"line":31,"column":30}},"16":{"start":{"line":33,"column":4},"end":{"line":33,"column":31}},"17":{"start":{"line":36,"column":0},"end":{"line":40,"column":1}}},"fnMap":{"0":{"name":"(anonymous_0)","decl":{"start":{"line":3,"column":20},"end":{"line":3,"column":21}},"loc":{"start":{"line":3,"column":40},"end":{"line":13,"column":1}},"line":3},"1":{"name":"(anonymous_1)","decl":{"start":{"line":15,"column":19},"end":{"line":15,"column":20}},"loc":{"start":{"line":15,"column":39},"end":{"line":24,"column":1}},"line":15},"2":{"name":"(anonymous_2)","decl":{"start":{"line":26,"column":18},"end":{"line":26,"column":19}},"loc":{"start":{"line":26,"column":38},"end":{"line":35,"column":1}},"line":26}},"branchMap":{},"s":{"0":3,"1":3,"2":2,"3":2,"4":2,"5":1,"6":1,"7":3,"8":2,"9":2,"10":1,"11":1,"12":3,"13":2,"14":2,"15":1,"16":1,"17":3},"f":{"0":2,"1":2,"2":2},"b":{},"_coverageSchema":"1a1c01bbd47fc00a2c39e90264f33305004495a9","hash":"8f41c2925aae0ef920c3900529d56887ab576dc4"}
,"/Users/mohammedhassanyusuf/Desktop/webAndApi-exam/backend/src/controllers/MessageController.js": {"path":"/Users/mohammedhassanyusuf/Desktop/webAndApi-exam/backend/src/controllers/MessageController.js","statementMap":{"0":{"start":{"line":1,"column":21},"end":{"line":1,"column":54}},"1":{"start":{"line":3,"column":19},"end":{"line":17,"column":1}},"2":{"start":{"line":4,"column":37},"end":{"line":4,"column":45}},"3":{"start":{"line":6,"column":2},"end":{"line":16,"column":3}},"4":{"start":{"line":7,"column":19},"end":{"line":11,"column":6}},"5":{"start":{"line":13,"column":4},"end":{"line":13,"column":33}},"6":{"start":{"line":15,"column":4},"end":{"line":15,"column":51}},"7":{"start":{"line":19,"column":20},"end":{"line":28,"column":1}},"8":{"start":{"line":20,"column":21},"end":{"line":20,"column":31}},"9":{"start":{"line":22,"column":2},"end":{"line":27,"column":3}},"10":{"start":{"line":23,"column":21},"end":{"line":23,"column":56}},"11":{"start":{"line":24,"column":4},"end":{"line":24,"column":35}},"12":{"start":{"line":26,"column":4},"end":{"line":26,"column":51}},"13":{"start":{"line":30,"column":0},"end":{"line":33,"column":2}}},"fnMap":{"0":{"name":"(anonymous_0)","decl":{"start":{"line":3,"column":19},"end":{"line":3,"column":20}},"loc":{"start":{"line":3,"column":39},"end":{"line":17,"column":1}},"line":3},"1":{"name":"(anonymous_1)","decl":{"start":{"line":19,"column":20},"end":{"line":19,"column":21}},"loc":{"start":{"line":19,"column":40},"end":{"line":28,"column":1}},"line":19}},"branchMap":{},"s":{"0":3,"1":3,"2":2,"3":2,"4":2,"5":1,"6":1,"7":3,"8":2,"9":2,"10":2,"11":1,"12":1,"13":3},"f":{"0":2,"1":2},"b":{},"_coverageSchema":"1a1c01bbd47fc00a2c39e90264f33305004495a9","hash":"5b4867430acb7e0adb9c52e8349d64e0dbf664b7"}
,"/Users/mohammedhassanyusuf/Desktop/webAndApi-exam/backend/src/controllers/productController.js": {"path":"/Users/mohammedhassanyusuf/Desktop/webAndApi-exam/backend/src/controllers/productController.js","statementMap":{"0":{"start":{"line":1,"column":16},"end":{"line":1,"column":50}},"1":{"start":{"line":2,"column":22},"end":{"line":23,"column":1}},"2":{"start":{"line":4,"column":4},"end":{"line":4,"column":12}},"3":{"start":{"line":5,"column":2},"end":{"line":5,"column":24}},"4":{"start":{"line":6,"column":17},"end":{"line":6,"column":25}},"5":{"start":{"line":7,"column":2},"end":{"line":7,"column":22}},"6":{"start":{"line":9,"column":2},"end":{"line":22,"column":3}},"7":{"start":{"line":10,"column":27},"end":{"line":18,"column":6}},"8":{"start":{"line":19,"column":4},"end":{"line":19,"column":41}},"9":{"start":{"line":21,"column":4},"end":{"line":21,"column":51}},"10":{"start":{"line":26,"column":22},"end":{"line":35,"column":1}},"11":{"start":{"line":27,"column":18},"end":{"line":27,"column":55}},"12":{"start":{"line":28,"column":2},"end":{"line":34,"column":3}},"13":{"start":{"line":29,"column":4},"end":{"line":29,"column":50}},"14":{"start":{"line":30,"column":4},"end":{"line":30,"column":70}},"15":{"start":{"line":32,"column":4},"end":{"line":32,"column":20}},"16":{"start":{"line":33,"column":4},"end":{"line":33,"column":38}},"17":{"start":{"line":37,"column":20},"end":{"line":61,"column":1}},"18":{"start":{"line":38,"column":24},"end":{"line":38,"column":25}},"19":{"start":{"line":39,"column":15},"end":{"line":39,"column":48}},"20":{"start":{"line":40,"column":18},"end":{"line":47,"column":8}},"21":{"start":{"line":49,"column":16},"end":{"line":51,"column":4}},"22":{"start":{"line":53,"column":15},"end":{"line":55,"column":37}},"23":{"start":{"line":56,"column":2},"end":{"line":60,"column":5}},"24":{"start":{"line":62,"column":24},"end":{"line":71,"column":1}},"25":{"start":{"line":63,"column":18},"end":{"line":63,"column":55}},"26":{"start":{"line":65,"column":2},"end":{"line":70,"column":3}},"27":{"start":{"line":66,"column":4},"end":{"line":66,"column":22}},"28":{"start":{"line":68,"column":4},"end":{"line":68,"column":20}},"29":{"start":{"line":69,"column":4},"end":{"line":69,"column":41}},"30":{"start":{"line":72,"column":23},"end":{"line":76,"column":1}},"31":{"start":{"line":73,"column":19},"end":{"line":73,"column":72}},"32":{"start":{"line":75,"column":2},"end":{"line":75,"column":33}},"33":{"start":{"line":78,"column":0},"end":{"line":84,"column":2}}},"fnMap":{"0":{"name":"(anonymous_0)","decl":{"start":{"line":2,"column":22},"end":{"line":2,"column":23}},"loc":{"start":{"line":2,"column":42},"end":{"line":23,"column":1}},"line":2},"1":{"name":"(anonymous_1)","decl":{"start":{"line":26,"column":22},"end":{"line":26,"column":23}},"loc":{"start":{"line":26,"column":42},"end":{"line":35,"column":1}},"line":26},"2":{"name":"(anonymous_2)","decl":{"start":{"line":37,"column":20},"end":{"line":37,"column":21}},"loc":{"start":{"line":37,"column":40},"end":{"line":61,"column":1}},"line":37},"3":{"name":"(anonymous_3)","decl":{"start":{"line":62,"column":24},"end":{"line":62,"column":25}},"loc":{"start":{"line":62,"column":44},"end":{"line":71,"column":1}},"line":62},"4":{"name":"(anonymous_4)","decl":{"start":{"line":72,"column":23},"end":{"line":72,"column":24}},"loc":{"start":{"line":72,"column":43},"end":{"line":76,"column":1}},"line":72}},"branchMap":{"0":{"loc":{"start":{"line":28,"column":2},"end":{"line":34,"column":3}},"type":"if","locations":[{"start":{"line":28,"column":2},"end":{"line":34,"column":3}},{"start":{"line":31,"column":9},"end":{"line":34,"column":3}}],"line":28},"1":{"loc":{"start":{"line":39,"column":15},"end":{"line":39,"column":48}},"type":"binary-expr","locations":[{"start":{"line":39,"column":15},"end":{"line":39,"column":43}},{"start":{"line":39,"column":47},"end":{"line":39,"column":48}}],"line":39},"2":{"loc":{"start":{"line":40,"column":18},"end":{"line":47,"column":8}},"type":"cond-expr","locations":[{"start":{"line":41,"column":6},"end":{"line":46,"column":7}},{"start":{"line":47,"column":6},"end":{"line":47,"column":8}}],"line":40},"3":{"loc":{"start":{"line":65,"column":2},"end":{"line":70,"column":3}},"type":"if","locations":[{"start":{"line":65,"column":2},"end":{"line":70,"column":3}},{"start":{"line":67,"column":9},"end":{"line":70,"column":3}}],"line":65}},"s":{"0":3,"1":3,"2":0,"3":0,"4":0,"5":0,"6":0,"7":0,"8":0,"9":0,"10":3,"11":0,"12":0,"13":0,"14":0,"15":0,"16":0,"17":3,"18":0,"19":0,"20":0,"21":0,"22":0,"23":0,"24":3,"25":0,"26":0,"27":0,"28":0,"29":0,"30":3,"31":0,"32":0,"33":3},"f":{"0":0,"1":0,"2":0,"3":0,"4":0},"b":{"0":[0,0],"1":[0,0],"2":[0,0],"3":[0,0]},"_coverageSchema":"1a1c01bbd47fc00a2c39e90264f33305004495a9","hash":"43e469ce022f4e6709c4ae5a843e2126a321160f"}
,"/Users/mohammedhassanyusuf/Desktop/webAndApi-exam/backend/src/controllers/usersControllers.js": {"path":"/Users/mohammedhassanyusuf/Desktop/webAndApi-exam/backend/src/controllers/usersControllers.js","statementMap":{"0":{"start":{"line":1,"column":13},"end":{"line":1,"column":44}},"1":{"start":{"line":2,"column":15},"end":{"line":2,"column":34}},"2":{"start":{"line":3,"column":12},"end":{"line":3,"column":35}},"3":{"start":{"line":4,"column":15},"end":{"line":4,"column":23}},"4":{"start":{"line":5,"column":20},"end":{"line":7,"column":3}},"5":{"start":{"line":6,"column":1},"end":{"line":6,"column":55}},"6":{"start":{"line":8,"column":20},"end":{"line":15,"column":1}},"7":{"start":{"line":9,"column":15},"end":{"line":9,"column":34}},"8":{"start":{"line":10,"column":1},"end":{"line":14,"column":2}},"9":{"start":{"line":11,"column":2},"end":{"line":11,"column":30}},"10":{"start":{"line":13,"column":2},"end":{"line":13,"column":56}},"11":{"start":{"line":16,"column":17},"end":{"line":38,"column":1}},"12":{"start":{"line":17,"column":29},"end":{"line":17,"column":37}},"13":{"start":{"line":18,"column":14},"end":{"line":18,"column":43}},"14":{"start":{"line":19,"column":15},"end":{"line":22,"column":2}},"15":{"start":{"line":24,"column":1},"end":{"line":37,"column":2}},"16":{"start":{"line":25,"column":16},"end":{"line":25,"column":37}},"17":{"start":{"line":26,"column":2},"end":{"line":26,"column":30}},"18":{"start":{"line":27,"column":2},"end":{"line":33,"column":5}},"19":{"start":{"line":35,"column":2},"end":{"line":35,"column":18}},"20":{"start":{"line":36,"column":2},"end":{"line":36,"column":47}},"21":{"start":{"line":40,"column":21},"end":{"line":76,"column":3}},"22":{"start":{"line":41,"column":35},"end":{"line":41,"column":43}},"23":{"start":{"line":42,"column":1},"end":{"line":75,"column":2}},"24":{"start":{"line":43,"column":21},"end":{"line":43,"column":50}},"25":{"start":{"line":45,"column":3},"end":{"line":48,"column":4}},"26":{"start":{"line":46,"column":2},"end":{"line":46,"column":18}},"27":{"start":{"line":47,"column":2},"end":{"line":47,"column":41}},"28":{"start":{"line":50,"column":16},"end":{"line":50,"column":40}},"29":{"start":{"line":51,"column":16},"end":{"line":51,"column":49}},"30":{"start":{"line":53,"column":16},"end":{"line":57,"column":5}},"31":{"start":{"line":59,"column":17},"end":{"line":59,"column":38}},"32":{"start":{"line":60,"column":3},"end":{"line":71,"column":4}},"33":{"start":{"line":61,"column":2},"end":{"line":67,"column":5}},"34":{"start":{"line":69,"column":2},"end":{"line":69,"column":18}},"35":{"start":{"line":70,"column":2},"end":{"line":70,"column":39}},"36":{"start":{"line":73,"column":3},"end":{"line":73,"column":24}},"37":{"start":{"line":74,"column":3},"end":{"line":74,"column":62}},"38":{"start":{"line":78,"column":16},"end":{"line":91,"column":1}},"39":{"start":{"line":79,"column":1},"end":{"line":90,"column":2}},"40":{"start":{"line":80,"column":2},"end":{"line":83,"column":5}},"41":{"start":{"line":84,"column":2},"end":{"line":86,"column":49}},"42":{"start":{"line":88,"column":2},"end":{"line":88,"column":18}},"43":{"start":{"line":89,"column":2},"end":{"line":89,"column":36}},"44":{"start":{"line":95,"column":23},"end":{"line":108,"column":1}},"45":{"start":{"line":96,"column":14},"end":{"line":96,"column":47}},"46":{"start":{"line":97,"column":1},"end":{"line":107,"column":2}},"47":{"start":{"line":98,"column":2},"end":{"line":103,"column":5}},"48":{"start":{"line":105,"column":2},"end":{"line":105,"column":18}},"49":{"start":{"line":106,"column":2},"end":{"line":106,"column":36}},"50":{"start":{"line":111,"column":26},"end":{"line":132,"column":1}},"51":{"start":{"line":112,"column":14},"end":{"line":112,"column":47}},"52":{"start":{"line":113,"column":1},"end":{"line":131,"column":2}},"53":{"start":{"line":114,"column":2},"end":{"line":117,"column":3}},"54":{"start":{"line":115,"column":3},"end":{"line":115,"column":42}},"55":{"start":{"line":116,"column":3},"end":{"line":116,"column":45}},"56":{"start":{"line":118,"column":2},"end":{"line":120,"column":3}},"57":{"start":{"line":119,"column":3},"end":{"line":119,"column":37}},"58":{"start":{"line":121,"column":28},"end":{"line":121,"column":45}},"59":{"start":{"line":122,"column":2},"end":{"line":127,"column":5}},"60":{"start":{"line":129,"column":2},"end":{"line":129,"column":18}},"61":{"start":{"line":130,"column":2},"end":{"line":130,"column":48}},"62":{"start":{"line":134,"column":19},"end":{"line":142,"column":1}},"63":{"start":{"line":135,"column":18},"end":{"line":136,"column":22}},"64":{"start":{"line":137,"column":1},"end":{"line":141,"column":2}},"65":{"start":{"line":138,"column":2},"end":{"line":138,"column":33}},"66":{"start":{"line":140,"column":2},"end":{"line":140,"column":36}},"67":{"start":{"line":144,"column":19},"end":{"line":159,"column":1}},"68":{"start":{"line":145,"column":14},"end":{"line":145,"column":48}},"69":{"start":{"line":146,"column":1},"end":{"line":158,"column":2}},"70":{"start":{"line":147,"column":2},"end":{"line":150,"column":3}},"71":{"start":{"line":148,"column":3},"end":{"line":148,"column":19}},"72":{"start":{"line":149,"column":3},"end":{"line":149,"column":43}},"73":{"start":{"line":151,"column":2},"end":{"line":151,"column":42}},"74":{"start":{"line":152,"column":2},"end":{"line":154,"column":54}},"75":{"start":{"line":156,"column":2},"end":{"line":156,"column":18}},"76":{"start":{"line":157,"column":2},"end":{"line":157,"column":36}},"77":{"start":{"line":161,"column":19},"end":{"line":178,"column":1}},"78":{"start":{"line":162,"column":14},"end":{"line":162,"column":48}},"79":{"start":{"line":163,"column":1},"end":{"line":177,"column":24}},"80":{"start":{"line":164,"column":2},"end":{"line":164,"column":41}},"81":{"start":{"line":165,"column":2},"end":{"line":165,"column":44}},"82":{"start":{"line":166,"column":2},"end":{"line":168,"column":4}},"83":{"start":{"line":169,"column":2},"end":{"line":169,"column":20}},"84":{"start":{"line":171,"column":2},"end":{"line":176,"column":5}},"85":{"start":{"line":177,"column":8},"end":{"line":177,"column":24}},"86":{"start":{"line":179,"column":0},"end":{"line":189,"column":2}}},"fnMap":{"0":{"name":"(anonymous_0)","decl":{"start":{"line":5,"column":20},"end":{"line":5,"column":21}},"loc":{"start":{"line":5,"column":29},"end":{"line":7,"column":3}},"line":5},"1":{"name":"(anonymous_1)","decl":{"start":{"line":8,"column":20},"end":{"line":8,"column":21}},"loc":{"start":{"line":8,"column":40},"end":{"line":15,"column":1}},"line":8},"2":{"name":"(anonymous_2)","decl":{"start":{"line":16,"column":17},"end":{"line":16,"column":18}},"loc":{"start":{"line":16,"column":37},"end":{"line":38,"column":1}},"line":16},"3":{"name":"(anonymous_3)","decl":{"start":{"line":40,"column":21},"end":{"line":40,"column":22}},"loc":{"start":{"line":40,"column":41},"end":{"line":76,"column":3}},"line":40},"4":{"name":"(anonymous_4)","decl":{"start":{"line":78,"column":16},"end":{"line":78,"column":17}},"loc":{"start":{"line":78,"column":36},"end":{"line":91,"column":1}},"line":78},"5":{"name":"(anonymous_5)","decl":{"start":{"line":95,"column":23},"end":{"line":95,"column":24}},"loc":{"start":{"line":95,"column":43},"end":{"line":108,"column":1}},"line":95},"6":{"name":"(anonymous_6)","decl":{"start":{"line":111,"column":26},"end":{"line":111,"column":27}},"loc":{"start":{"line":111,"column":46},"end":{"line":132,"column":1}},"line":111},"7":{"name":"(anonymous_7)","decl":{"start":{"line":134,"column":19},"end":{"line":134,"column":20}},"loc":{"start":{"line":134,"column":39},"end":{"line":142,"column":1}},"line":134},"8":{"name":"(anonymous_8)","decl":{"start":{"line":144,"column":19},"end":{"line":144,"column":20}},"loc":{"start":{"line":144,"column":39},"end":{"line":159,"column":1}},"line":144},"9":{"name":"(anonymous_9)","decl":{"start":{"line":161,"column":19},"end":{"line":161,"column":20}},"loc":{"start":{"line":161,"column":39},"end":{"line":178,"column":1}},"line":161}},"branchMap":{"0":{"loc":{"start":{"line":24,"column":1},"end":{"line":37,"column":2}},"type":"if","locations":[{"start":{"line":24,"column":1},"end":{"line":37,"column":2}},{"start":{"line":34,"column":8},"end":{"line":37,"column":2}}],"line":24},"1":{"loc":{"start":{"line":45,"column":3},"end":{"line":48,"column":4}},"type":"if","locations":[{"start":{"line":45,"column":3},"end":{"line":48,"column":4}},{"start":{},"end":{}}],"line":45},"2":{"loc":{"start":{"line":60,"column":3},"end":{"line":71,"column":4}},"type":"if","locations":[{"start":{"line":60,"column":3},"end":{"line":71,"column":4}},{"start":{"line":68,"column":10},"end":{"line":71,"column":4}}],"line":60},"3":{"loc":{"start":{"line":97,"column":1},"end":{"line":107,"column":2}},"type":"if","locations":[{"start":{"line":97,"column":1},"end":{"line":107,"column":2}},{"start":{"line":104,"column":8},"end":{"line":107,"column":2}}],"line":97},"4":{"loc":{"start":{"line":114,"column":2},"end":{"line":117,"column":3}},"type":"if","locations":[{"start":{"line":114,"column":2},"end":{"line":117,"column":3}},{"start":{},"end":{}}],"line":114},"5":{"loc":{"start":{"line":115,"column":15},"end":{"line":115,"column":41}},"type":"binary-expr","locations":[{"start":{"line":115,"column":15},"end":{"line":115,"column":28}},{"start":{"line":115,"column":32},"end":{"line":115,"column":41}}],"line":115},"6":{"loc":{"start":{"line":116,"column":16},"end":{"line":116,"column":44}},"type":"binary-expr","locations":[{"start":{"line":116,"column":16},"end":{"line":116,"column":30}},{"start":{"line":116,"column":34},"end":{"line":116,"column":44}}],"line":116},"7":{"loc":{"start":{"line":118,"column":2},"end":{"line":120,"column":3}},"type":"if","locations":[{"start":{"line":118,"column":2},"end":{"line":120,"column":3}},{"start":{},"end":{}}],"line":118},"8":{"loc":{"start":{"line":137,"column":1},"end":{"line":141,"column":2}},"type":"if","locations":[{"start":{"line":137,"column":1},"end":{"line":141,"column":2}},{"start":{"line":139,"column":8},"end":{"line":141,"column":2}}],"line":137},"9":{"loc":{"start":{"line":146,"column":1},"end":{"line":158,"column":2}},"type":"if","locations":[{"start":{"line":146,"column":1},"end":{"line":158,"column":2}},{"start":{"line":155,"column":8},"end":{"line":158,"column":2}}],"line":146},"10":{"loc":{"start":{"line":147,"column":2},"end":{"line":150,"column":3}},"type":"if","locations":[{"start":{"line":147,"column":2},"end":{"line":150,"column":3}},{"start":{},"end":{}}],"line":147},"11":{"loc":{"start":{"line":163,"column":1},"end":{"line":177,"column":24}},"type":"if","locations":[{"start":{"line":163,"column":1},"end":{"line":177,"column":24}},{"start":{"line":177,"column":8},"end":{"line":177,"column":24}}],"line":163},"12":{"loc":{"start":{"line":164,"column":14},"end":{"line":164,"column":40}},"type":"binary-expr","locations":[{"start":{"line":164,"column":14},"end":{"line":164,"column":27}},{"start":{"line":164,"column":31},"end":{"line":164,"column":40}}],"line":164},"13":{"loc":{"start":{"line":165,"column":15},"end":{"line":165,"column":43}},"type":"binary-expr","locations":[{"start":{"line":165,"column":15},"end":{"line":165,"column":29}},{"start":{"line":165,"column":33},"end":{"line":165,"column":43}}],"line":165},"14":{"loc":{"start":{"line":167,"column":3},"end":{"line":167,"column":35}},"type":"binary-expr","locations":[{"start":{"line":167,"column":3},"end":{"line":167,"column":19}},{"start":{"line":167,"column":23},"end":{"line":167,"column":35}}],"line":167}},"s":{"0":3,"1":3,"2":3,"3":3,"4":3,"5":0,"6":3,"7":1,"8":1,"9":1,"10":0,"11":3,"12":1,"13":1,"14":1,"15":0,"16":0,"17":0,"18":0,"19":0,"20":0,"21":3,"22":2,"23":2,"24":2,"25":2,"26":0,"27":0,"28":2,"29":2,"30":1,"31":1,"32":0,"33":0,"34":0,"35":0,"36":2,"37":2,"38":3,"39":1,"40":1,"41":1,"42":0,"43":0,"44":3,"45":2,"46":0,"47":0,"48":0,"49":0,"50":3,"51":1,"52":0,"53":0,"54":0,"55":0,"56":0,"57":0,"58":0,"59":0,"60":0,"61":0,"62":3,"63":1,"64":0,"65":0,"66":0,"67":3,"68":1,"69":1,"70":1,"71":0,"72":0,"73":1,"74":1,"75":0,"76":0,"77":3,"78":1,"79":1,"80":1,"81":1,"82":1,"83":1,"84":0,"85":0,"86":3},"f":{"0":0,"1":1,"2":1,"3":2,"4":1,"5":2,"6":1,"7":1,"8":1,"9":1},"b":{"0":[0,0],"1":[0,2],"2":[0,0],"3":[0,0],"4":[0,0],"5":[0,0],"6":[0,0],"7":[0,0],"8":[0,0],"9":[1,0],"10":[0,1],"11":[1,0],"12":[1,0],"13":[1,0],"14":[1,1]},"_coverageSchema":"1a1c01bbd47fc00a2c39e90264f33305004495a9","hash":"ed3bf21c1835ea831b20f1b096169e4354a29a62"}
,"/Users/mohammedhassanyusuf/Desktop/webAndApi-exam/backend/src/midddelwars/permission.js": {"path":"/Users/mohammedhassanyusuf/Desktop/webAndApi-exam/backend/src/midddelwars/permission.js","statementMap":{"0":{"start":{"line":1,"column":13},"end":{"line":1,"column":44}},"1":{"start":{"line":2,"column":12},"end":{"line":2,"column":35}},"2":{"start":{"line":3,"column":15},"end":{"line":3,"column":28}},"3":{"start":{"line":5,"column":16},"end":{"line":28,"column":1}},"4":{"start":{"line":6,"column":1},"end":{"line":6,"column":26}},"5":{"start":{"line":9,"column":1},"end":{"line":27,"column":2}},"6":{"start":{"line":10,"column":2},"end":{"line":23,"column":3}},"7":{"start":{"line":11,"column":19},"end":{"line":11,"column":44}},"8":{"start":{"line":12,"column":3},"end":{"line":12,"column":24}},"9":{"start":{"line":14,"column":3},"end":{"line":16,"column":5}},"10":{"start":{"line":18,"column":3},"end":{"line":18,"column":10}},"11":{"start":{"line":20,"column":3},"end":{"line":20,"column":24}},"12":{"start":{"line":21,"column":3},"end":{"line":21,"column":19}},"13":{"start":{"line":22,"column":3},"end":{"line":22,"column":51}},"14":{"start":{"line":25,"column":2},"end":{"line":25,"column":18}},"15":{"start":{"line":26,"column":2},"end":{"line":26,"column":46}},"16":{"start":{"line":31,"column":14},"end":{"line":38,"column":1}},"17":{"start":{"line":32,"column":1},"end":{"line":37,"column":2}},"18":{"start":{"line":33,"column":2},"end":{"line":33,"column":9}},"19":{"start":{"line":35,"column":2},"end":{"line":35,"column":18}},"20":{"start":{"line":36,"column":2},"end":{"line":36,"column":48}},"21":{"start":{"line":39,"column":0},"end":{"line":42,"column":2}}},"fnMap":{"0":{"name":"(anonymous_0)","decl":{"start":{"line":5,"column":16},"end":{"line":5,"column":17}},"loc":{"start":{"line":5,"column":42},"end":{"line":28,"column":1}},"line":5},"1":{"name":"(anonymous_1)","decl":{"start":{"line":31,"column":14},"end":{"line":31,"column":15}},"loc":{"start":{"line":31,"column":34},"end":{"line":38,"column":1}},"line":31}},"branchMap":{"0":{"loc":{"start":{"line":9,"column":1},"end":{"line":27,"column":2}},"type":"if","locations":[{"start":{"line":9,"column":1},"end":{"line":27,"column":2}},{"start":{"line":24,"column":8},"end":{"line":27,"column":2}}],"line":9},"1":{"loc":{"start":{"line":32,"column":1},"end":{"line":37,"column":2}},"type":"if","locations":[{"start":{"line":32,"column":1},"end":{"line":37,"column":2}},{"start":{"line":34,"column":8},"end":{"line":37,"column":2}}],"line":32},"2":{"loc":{"start":{"line":32,"column":5},"end":{"line":32,"column":33}},"type":"binary-expr","locations":[{"start":{"line":32,"column":5},"end":{"line":32,"column":13}},{"start":{"line":32,"column":17},"end":{"line":32,"column":33}}],"line":32}},"s":{"0":3,"1":3,"2":3,"3":3,"4":0,"5":0,"6":0,"7":0,"8":0,"9":0,"10":0,"11":0,"12":0,"13":0,"14":0,"15":0,"16":3,"17":0,"18":0,"19":0,"20":0,"21":3},"f":{"0":0,"1":0},"b":{"0":[0,0],"1":[0,0],"2":[0,0]},"_coverageSchema":"1a1c01bbd47fc00a2c39e90264f33305004495a9","hash":"a22d7f10cebd93a99467385583262f6f51d0cf2d"}
,"/Users/mohammedhassanyusuf/Desktop/webAndApi-exam/backend/src/models/chatModel.js": {"path":"/Users/mohammedhassanyusuf/Desktop/webAndApi-exam/backend/src/models/chatModel.js","statementMap":{"0":{"start":{"line":1,"column":17},"end":{"line":1,"column":36}},"1":{"start":{"line":3,"column":19},"end":{"line":12,"column":1}},"2":{"start":{"line":14,"column":18},"end":{"line":14,"column":52}},"3":{"start":{"line":15,"column":0},"end":{"line":15,"column":27}}},"fnMap":{},"branchMap":{},"s":{"0":3,"1":3,"2":3,"3":3},"f":{},"b":{},"_coverageSchema":"1a1c01bbd47fc00a2c39e90264f33305004495a9","hash":"87ef17183ac5b9ed2c5b28ed61017bf3da7bceba"}
,"/Users/mohammedhassanyusuf/Desktop/webAndApi-exam/backend/src/models/messageModel.js": {"path":"/Users/mohammedhassanyusuf/Desktop/webAndApi-exam/backend/src/models/messageModel.js","statementMap":{"0":{"start":{"line":1,"column":17},"end":{"line":1,"column":36}},"1":{"start":{"line":3,"column":22},"end":{"line":18,"column":1}},"2":{"start":{"line":20,"column":0},"end":{"line":20,"column":59}}},"fnMap":{},"branchMap":{},"s":{"0":3,"1":3,"2":3},"f":{},"b":{},"_coverageSchema":"1a1c01bbd47fc00a2c39e90264f33305004495a9","hash":"9baf2726082a393ad77e3e301f3bdbbe160ae4d6"}
,"/Users/mohammedhassanyusuf/Desktop/webAndApi-exam/backend/src/models/productModels.js": {"path":"/Users/mohammedhassanyusuf/Desktop/webAndApi-exam/backend/src/models/productModels.js","statementMap":{"0":{"start":{"line":1,"column":17},"end":{"line":1,"column":36}},"1":{"start":{"line":3,"column":21},"end":{"line":17,"column":1}},"2":{"start":{"line":19,"column":22},"end":{"line":73,"column":1}},"3":{"start":{"line":75,"column":0},"end":{"line":75,"column":58}}},"fnMap":{},"branchMap":{},"s":{"0":3,"1":3,"2":3,"3":3},"f":{},"b":{},"_coverageSchema":"1a1c01bbd47fc00a2c39e90264f33305004495a9","hash":"37c4911ae2d3c803acdee67e0a086c7b7f107d02"}
,"/Users/mohammedhassanyusuf/Desktop/webAndApi-exam/backend/src/models/usersModel.js": {"path":"/Users/mohammedhassanyusuf/Desktop/webAndApi-exam/backend/src/models/usersModel.js","statementMap":{"0":{"start":{"line":1,"column":17},"end":{"line":1,"column":36}},"1":{"start":{"line":2,"column":15},"end":{"line":2,"column":34}},"2":{"start":{"line":4,"column":19},"end":{"line":28,"column":1}},"3":{"start":{"line":30,"column":0},"end":{"line":30,"column":52}}},"fnMap":{},"branchMap":{},"s":{"0":3,"1":3,"2":3,"3":3},"f":{},"b":{},"_coverageSchema":"1a1c01bbd47fc00a2c39e90264f33305004495a9","hash":"2ace44615f46a36bcd3759b25ca6ccbc185399fb"}
,"/Users/mohammedhassanyusuf/Desktop/webAndApi-exam/backend/src/routers/ChatRoute.js": {"path":"/Users/mohammedhassanyusuf/Desktop/webAndApi-exam/backend/src/routers/ChatRoute.js","statementMap":{"0":{"start":{"line":1,"column":17},"end":{"line":1,"column":35}},"1":{"start":{"line":2,"column":44},"end":{"line":2,"column":84}},"2":{"start":{"line":3,"column":15},"end":{"line":3,"column":31}},"3":{"start":{"line":5,"column":0},"end":{"line":5,"column":29}},"4":{"start":{"line":6,"column":0},"end":{"line":6,"column":34}},"5":{"start":{"line":7,"column":0},"end":{"line":7,"column":49}},"6":{"start":{"line":9,"column":0},"end":{"line":9,"column":23}}},"fnMap":{},"branchMap":{},"s":{"0":3,"1":3,"2":3,"3":3,"4":3,"5":3,"6":3},"f":{},"b":{},"_coverageSchema":"1a1c01bbd47fc00a2c39e90264f33305004495a9","hash":"04655e4bf6d4bdb6bd22e82db46c8bb5f2d5ff7f"}
,"/Users/mohammedhassanyusuf/Desktop/webAndApi-exam/backend/src/routers/MessageRoute.js": {"path":"/Users/mohammedhassanyusuf/Desktop/webAndApi-exam/backend/src/routers/MessageRoute.js","statementMap":{"0":{"start":{"line":1,"column":16},"end":{"line":1,"column":34}},"1":{"start":{"line":2,"column":36},"end":{"line":2,"column":82}},"2":{"start":{"line":3,"column":15},"end":{"line":3,"column":31}},"3":{"start":{"line":4,"column":0},"end":{"line":4,"column":29}},"4":{"start":{"line":5,"column":0},"end":{"line":5,"column":36}},"5":{"start":{"line":7,"column":0},"end":{"line":7,"column":24}}},"fnMap":{},"branchMap":{},"s":{"0":3,"1":3,"2":3,"3":3,"4":3,"5":3},"f":{},"b":{},"_coverageSchema":"1a1c01bbd47fc00a2c39e90264f33305004495a9","hash":"6fa4b9da28e0fb275cfd929e0c9d473145935b38"}
,"/Users/mohammedhassanyusuf/Desktop/webAndApi-exam/backend/src/routers/productRouter.js": {"path":"/Users/mohammedhassanyusuf/Desktop/webAndApi-exam/backend/src/routers/productRouter.js","statementMap":{"0":{"start":{"line":7,"column":4},"end":{"line":7,"column":50}},"1":{"start":{"line":8,"column":16},"end":{"line":8,"column":34}},"2":{"start":{"line":9,"column":27},"end":{"line":9,"column":66}},"3":{"start":{"line":11,"column":22},"end":{"line":11,"column":38}},"4":{"start":{"line":12,"column":0},"end":{"line":12,"column":43}},"5":{"start":{"line":13,"column":0},"end":{"line":13,"column":42}},"6":{"start":{"line":14,"column":0},"end":{"line":14,"column":39}},"7":{"start":{"line":15,"column":0},"end":{"line":15,"column":36}},"8":{"start":{"line":16,"column":0},"end":{"line":16,"column":43}},"9":{"start":{"line":17,"column":0},"end":{"line":17,"column":44}},"10":{"start":{"line":18,"column":0},"end":{"line":18,"column":31}}},"fnMap":{},"branchMap":{},"s":{"0":3,"1":3,"2":3,"3":3,"4":3,"5":3,"6":3,"7":3,"8":3,"9":3,"10":3},"f":{},"b":{},"_coverageSchema":"1a1c01bbd47fc00a2c39e90264f33305004495a9","hash":"496a04d0756a94cfbeb47b80d064a4455b228263"}
,"/Users/mohammedhassanyusuf/Desktop/webAndApi-exam/backend/src/routers/userRouters.js": {"path":"/Users/mohammedhassanyusuf/Desktop/webAndApi-exam/backend/src/routers/userRouters.js","statementMap":{"0":{"start":{"line":11,"column":4},"end":{"line":11,"column":49}},"1":{"start":{"line":15,"column":4},"end":{"line":15,"column":43}},"2":{"start":{"line":16,"column":16},"end":{"line":16,"column":34}},"3":{"start":{"line":17,"column":20},"end":{"line":17,"column":36}},"4":{"start":{"line":19,"column":0},"end":{"line":19,"column":34}},"5":{"start":{"line":20,"column":0},"end":{"line":20,"column":36}},"6":{"start":{"line":21,"column":0},"end":{"line":21,"column":37}},"7":{"start":{"line":22,"column":0},"end":{"line":22,"column":36}},"8":{"start":{"line":23,"column":0},"end":{"line":23,"column":44}},"9":{"start":{"line":24,"column":0},"end":{"line":24,"column":47}},"10":{"start":{"line":25,"column":0},"end":{"line":25,"column":39}},"11":{"start":{"line":26,"column":0},"end":{"line":26,"column":36}},"12":{"start":{"line":27,"column":0},"end":{"line":27,"column":36}},"13":{"start":{"line":28,"column":0},"end":{"line":28,"column":29}}},"fnMap":{},"branchMap":{},"s":{"0":3,"1":3,"2":3,"3":3,"4":3,"5":3,"6":3,"7":3,"8":3,"9":3,"10":3,"11":3,"12":3,"13":3},"f":{},"b":{},"_coverageSchema":"1a1c01bbd47fc00a2c39e90264f33305004495a9","hash":"3b1d808ad58c31a354869b02dd88ca7398f4f53f"}
,"/Users/mohammedhassanyusuf/Desktop/webAndApi-exam/backend/src/utils/database.js": {"path":"/Users/mohammedhassanyusuf/Desktop/webAndApi-exam/backend/src/utils/database.js","statementMap":{"0":{"start":{"line":1,"column":17},"end":{"line":1,"column":36}},"1":{"start":{"line":2,"column":18},"end":{"line":2,"column":39}},"2":{"start":{"line":3,"column":17},"end":{"line":3,"column":53}},"3":{"start":{"line":5,"column":0},"end":{"line":8,"column":3}},"4":{"start":{"line":6,"column":2},"end":{"line":6,"column":45}},"5":{"start":{"line":9,"column":0},"end":{"line":11,"column":3}},"6":{"start":{"line":10,"column":2},"end":{"line":10,"column":47}},"7":{"start":{"line":13,"column":21},"end":{"line":17,"column":1}},"8":{"start":{"line":14,"column":2},"end":{"line":15,"column":4}},"9":{"start":{"line":16,"column":2},"end":{"line":16,"column":36}},"10":{"start":{"line":19,"column":25},"end":{"line":21,"column":1}},"11":{"start":{"line":20,"column":2},"end":{"line":20,"column":30}},"12":{"start":{"line":23,"column":0},"end":{"line":26,"column":2}}},"fnMap":{"0":{"name":"(anonymous_0)","decl":{"start":{"line":5,"column":33},"end":{"line":5,"column":34}},"loc":{"start":{"line":5,"column":39},"end":{"line":8,"column":1}},"line":5},"1":{"name":"(anonymous_1)","decl":{"start":{"line":9,"column":31},"end":{"line":9,"column":32}},"loc":{"start":{"line":9,"column":40},"end":{"line":11,"column":1}},"line":9},"2":{"name":"(anonymous_2)","decl":{"start":{"line":13,"column":21},"end":{"line":13,"column":22}},"loc":{"start":{"line":13,"column":33},"end":{"line":17,"column":1}},"line":13},"3":{"name":"(anonymous_3)","decl":{"start":{"line":19,"column":25},"end":{"line":19,"column":26}},"loc":{"start":{"line":19,"column":37},"end":{"line":21,"column":1}},"line":19}},"branchMap":{"0":{"loc":{"start":{"line":3,"column":17},"end":{"line":3,"column":53}},"type":"binary-expr","locations":[{"start":{"line":3,"column":17},"end":{"line":3,"column":37}},{"start":{"line":3,"column":41},"end":{"line":3,"column":53}}],"line":3}},"s":{"0":3,"1":3,"2":3,"3":3,"4":1,"5":3,"6":0,"7":3,"8":1,"9":1,"10":3,"11":1,"12":3},"f":{"0":1,"1":0,"2":1,"3":1},"b":{"0":[3,0]},"_coverageSchema":"1a1c01bbd47fc00a2c39e90264f33305004495a9","hash":"1299c777ee2243a57580a964ce7422570f8e977d"}
}
