TN:
SF:src/app.js
FN:40,(anonymous_0)
FN:44,(anonymous_1)
FNF:2
FNH:0
FNDA:0,(anonymous_0)
FNDA:0,(anonymous_1)
DA:1,3
DA:2,3
DA:3,3
DA:4,3
DA:5,3
DA:6,3
DA:7,3
DA:11,3
DA:12,3
DA:13,3
DA:14,3
DA:17,3
DA:19,3
DA:25,3
DA:26,3
DA:28,3
DA:29,3
DA:31,3
DA:34,3
DA:35,3
DA:36,3
DA:37,3
DA:38,3
DA:39,3
DA:40,3
DA:41,0
DA:44,0
DA:45,0
DA:49,3
LF:29
LH:26
BRDA:38,0,0,3
BRDA:38,0,1,0
BRF:2
BRH:1
end_of_record
TN:
SF:src/controllers/ChatController.js
FN:3,(anonymous_0)
FN:15,(anonymous_1)
FN:26,(anonymous_2)
FNF:3
FNH:3
FNDA:2,(anonymous_0)
FNDA:2,(anonymous_1)
FNDA:2,(anonymous_2)
DA:1,3
DA:3,3
DA:4,2
DA:7,2
DA:8,2
DA:9,1
DA:11,1
DA:15,3
DA:16,2
DA:17,2
DA:20,1
DA:22,1
DA:26,3
DA:27,2
DA:28,2
DA:31,1
DA:33,1
DA:36,3
LF:18
LH:18
BRF:0
BRH:0
end_of_record
TN:
SF:src/controllers/MessageController.js
FN:3,(anonymous_0)
FN:19,(anonymous_1)
FNF:2
FNH:2
FNDA:2,(anonymous_0)
FNDA:2,(anonymous_1)
DA:1,3
DA:3,3
DA:4,2
DA:6,2
DA:7,2
DA:13,1
DA:15,1
DA:19,3
DA:20,2
DA:22,2
DA:23,2
DA:24,1
DA:26,1
DA:30,3
LF:14
LH:14
BRF:0
BRH:0
end_of_record
TN:
SF:src/controllers/productController.js
FN:2,(anonymous_0)
FN:26,(anonymous_1)
FN:37,(anonymous_2)
FN:62,(anonymous_3)
FN:72,(anonymous_4)
FNF:5
FNH:0
FNDA:0,(anonymous_0)
FNDA:0,(anonymous_1)
FNDA:0,(anonymous_2)
FNDA:0,(anonymous_3)
FNDA:0,(anonymous_4)
DA:1,3
DA:2,3
DA:4,0
DA:5,0
DA:6,0
DA:7,0
DA:9,0
DA:10,0
DA:19,0
DA:21,0
DA:26,3
DA:27,0
DA:28,0
DA:29,0
DA:30,0
DA:32,0
DA:33,0
DA:37,3
DA:38,0
DA:39,0
DA:40,0
DA:49,0
DA:53,0
DA:56,0
DA:62,3
DA:63,0
DA:65,0
DA:66,0
DA:68,0
DA:69,0
DA:72,3
DA:73,0
DA:75,0
DA:78,3
LF:34
LH:7
BRDA:28,0,0,0
BRDA:28,0,1,0
BRDA:39,1,0,0
BRDA:39,1,1,0
BRDA:40,2,0,0
BRDA:40,2,1,0
BRDA:65,3,0,0
BRDA:65,3,1,0
BRF:8
BRH:0
end_of_record
TN:
SF:src/controllers/usersControllers.js
FN:5,(anonymous_0)
FN:8,(anonymous_1)
FN:16,(anonymous_2)
FN:40,(anonymous_3)
FN:78,(anonymous_4)
FN:95,(anonymous_5)
FN:111,(anonymous_6)
FN:134,(anonymous_7)
FN:144,(anonymous_8)
FN:161,(anonymous_9)
FNF:10
FNH:9
FNDA:0,(anonymous_0)
FNDA:1,(anonymous_1)
FNDA:1,(anonymous_2)
FNDA:2,(anonymous_3)
FNDA:1,(anonymous_4)
FNDA:2,(anonymous_5)
FNDA:1,(anonymous_6)
FNDA:1,(anonymous_7)
FNDA:1,(anonymous_8)
FNDA:1,(anonymous_9)
DA:1,3
DA:2,3
DA:3,3
DA:4,3
DA:5,3
DA:6,0
DA:8,3
DA:9,1
DA:10,1
DA:11,1
DA:13,0
DA:16,3
DA:17,1
DA:18,1
DA:19,1
DA:24,0
DA:25,0
DA:26,0
DA:27,0
DA:35,0
DA:36,0
DA:40,3
DA:41,2
DA:42,2
DA:43,2
DA:45,2
DA:46,0
DA:47,0
DA:50,2
DA:51,2
DA:53,1
DA:59,1
DA:60,0
DA:61,0
DA:69,0
DA:70,0
DA:73,2
DA:74,2
DA:78,3
DA:79,1
DA:80,1
DA:84,1
DA:88,0
DA:89,0
DA:95,3
DA:96,2
DA:97,0
DA:98,0
DA:105,0
DA:106,0
DA:111,3
DA:112,1
DA:113,0
DA:114,0
DA:115,0
DA:116,0
DA:118,0
DA:119,0
DA:121,0
DA:122,0
DA:129,0
DA:130,0
DA:134,3
DA:135,1
DA:137,0
DA:138,0
DA:140,0
DA:144,3
DA:145,1
DA:146,1
DA:147,1
DA:148,0
DA:149,0
DA:151,1
DA:152,1
DA:156,0
DA:157,0
DA:161,3
DA:162,1
DA:163,1
DA:164,1
DA:165,1
DA:166,1
DA:169,1
DA:171,0
DA:177,0
DA:179,3
LF:87
LH:48
BRDA:24,0,0,0
BRDA:24,0,1,0
BRDA:45,1,0,0
BRDA:45,1,1,2
BRDA:60,2,0,0
BRDA:60,2,1,0
BRDA:97,3,0,0
BRDA:97,3,1,0
BRDA:114,4,0,0
BRDA:114,4,1,0
BRDA:115,5,0,0
BRDA:115,5,1,0
BRDA:116,6,0,0
BRDA:116,6,1,0
BRDA:118,7,0,0
BRDA:118,7,1,0
BRDA:137,8,0,0
BRDA:137,8,1,0
BRDA:146,9,0,1
BRDA:146,9,1,0
BRDA:147,10,0,0
BRDA:147,10,1,1
BRDA:163,11,0,1
BRDA:163,11,1,0
BRDA:164,12,0,1
BRDA:164,12,1,0
BRDA:165,13,0,1
BRDA:165,13,1,0
BRDA:167,14,0,1
BRDA:167,14,1,1
BRF:30
BRH:8
end_of_record
TN:
SF:src/midddelwars/permission.js
FN:5,(anonymous_0)
FN:31,(anonymous_1)
FNF:2
FNH:0
FNDA:0,(anonymous_0)
FNDA:0,(anonymous_1)
DA:1,3
DA:2,3
DA:3,3
DA:5,3
DA:6,0
DA:9,0
DA:10,0
DA:11,0
DA:12,0
DA:14,0
DA:18,0
DA:20,0
DA:21,0
DA:22,0
DA:25,0
DA:26,0
DA:31,3
DA:32,0
DA:33,0
DA:35,0
DA:36,0
DA:39,3
LF:22
LH:6
BRDA:9,0,0,0
BRDA:9,0,1,0
BRDA:32,1,0,0
BRDA:32,1,1,0
BRDA:32,2,0,0
BRDA:32,2,1,0
BRF:6
BRH:0
end_of_record
TN:
SF:src/models/chatModel.js
FNF:0
FNH:0
DA:1,3
DA:3,3
DA:14,3
DA:15,3
LF:4
LH:4
BRF:0
BRH:0
end_of_record
TN:
SF:src/models/messageModel.js
FNF:0
FNH:0
DA:1,3
DA:3,3
DA:20,3
LF:3
LH:3
BRF:0
BRH:0
end_of_record
TN:
SF:src/models/productModels.js
FNF:0
FNH:0
DA:1,3
DA:3,3
DA:19,3
DA:75,3
LF:4
LH:4
BRF:0
BRH:0
end_of_record
TN:
SF:src/models/usersModel.js
FNF:0
FNH:0
DA:1,3
DA:2,3
DA:4,3
DA:30,3
LF:4
LH:4
BRF:0
BRH:0
end_of_record
TN:
SF:src/routers/ChatRoute.js
FNF:0
FNH:0
DA:1,3
DA:2,3
DA:3,3
DA:5,3
DA:6,3
DA:7,3
DA:9,3
LF:7
LH:7
BRF:0
BRH:0
end_of_record
TN:
SF:src/routers/MessageRoute.js
FNF:0
FNH:0
DA:1,3
DA:2,3
DA:3,3
DA:4,3
DA:5,3
DA:7,3
LF:6
LH:6
BRF:0
BRH:0
end_of_record
TN:
SF:src/routers/productRouter.js
FNF:0
FNH:0
DA:7,3
DA:8,3
DA:9,3
DA:11,3
DA:12,3
DA:13,3
DA:14,3
DA:15,3
DA:16,3
DA:17,3
DA:18,3
LF:11
LH:11
BRF:0
BRH:0
end_of_record
TN:
SF:src/routers/userRouters.js
FNF:0
FNH:0
DA:11,3
DA:15,3
DA:16,3
DA:17,3
DA:19,3
DA:20,3
DA:21,3
DA:22,3
DA:23,3
DA:24,3
DA:25,3
DA:26,3
DA:27,3
DA:28,3
LF:14
LH:14
BRF:0
BRH:0
end_of_record
TN:
SF:src/utils/database.js
FN:5,(anonymous_0)
FN:9,(anonymous_1)
FN:13,(anonymous_2)
FN:19,(anonymous_3)
FNF:4
FNH:3
FNDA:1,(anonymous_0)
FNDA:0,(anonymous_1)
FNDA:1,(anonymous_2)
FNDA:1,(anonymous_3)
DA:1,3
DA:2,3
DA:3,3
DA:5,3
DA:6,1
DA:9,3
DA:10,0
DA:13,3
DA:14,1
DA:16,1
DA:19,3
DA:20,1
DA:23,3
LF:13
LH:12
BRDA:3,0,0,3
BRDA:3,0,1,0
BRF:2
BRH:1
end_of_record
